{
  "stats": {
    "suites": 1,
    "tests": 6,
    "passes": 0,
    "pending": 0,
    "failures": 6,
    "start": "2022-08-31T11:45:36.349Z",
    "end": "2022-08-31T11:52:14.851Z",
    "duration": 398502,
    "testsRegistered": 6,
    "passPercent": 0,
    "pendingPercent": 0,
    "other": 0,
    "hasOther": false,
    "skipped": 0,
    "hasSkipped": false
  },
  "results": [
    {
      "uuid": "ea37e5a2-0a13-40ae-a4c0-0b177cca2c4e",
      "title": "",
      "fullFile": "cypress\\e2e\\tests\\myAccount.cy.ts",
      "file": "cypress\\e2e\\tests\\myAccount.cy.ts",
      "beforeHooks": [],
      "afterHooks": [],
      "tests": [],
      "suites": [
        {
          "uuid": "5a99015b-4054-4359-ba31-8a4ae36ab70a",
          "title": "MyAccount Functionality Tests",
          "fullFile": "",
          "file": "",
          "beforeHooks": [],
          "afterHooks": [],
          "tests": [
            {
              "title": "check sections functionality",
              "fullTitle": "MyAccount Functionality Tests check sections functionality",
              "timedOut": null,
              "duration": 95805,
              "state": "failed",
              "speed": null,
              "pass": false,
              "fail": true,
              "pending": false,
              "context": null,
              "code": "myAccountPage.clickBuying();\ncy.url().should(\"include\", \"ua&submenuTapped\");\nmyAccountPage.clickSelling();\ncy.url().should(\"include\", \"active&submenuTapped\");\nmyAccountPage.clickInterests();\ncy.url().should(\"include\", \"pc&submenuTapped\");\nmyAccountPage.clickSettings();\ncy.url().should(\"include\", \"as&submenuTapped\");",
              "err": {
                "message": "TypeError: The following error originated from your application code, not from Cypress.\n\n  > Cannot read properties of undefined (reading 'top')\n\nWhen Cypress detects uncaught errors originating from your application it will automatically fail the current test.\n\nThis behavior is configurable, and you can choose to turn this off by listening to the `uncaught:exception` event.\n\nhttps://on.cypress.io/uncaught-exception-from-application",
                "estack": "TypeError: The following error originated from your application code, not from Cypress.\n\n  > Cannot read properties of undefined (reading 'top')\n\nWhen Cypress detects uncaught errors originating from your application it will automatically fail the current test.\n\nThis behavior is configurable, and you can choose to turn this off by listening to the `uncaught:exception` event.\n\nhttps://on.cypress.io/uncaught-exception-from-application\n    at https://staging.christies.com/inc/Scripts/mychristies-v2/mychristies-v2.js?310820220746:1254:62\n    at dispatch (https://staging.christies.com/js/jquery/jquery-2.1.4.min.js:3:6466)\n    at r.handle (https://staging.christies.com/js/jquery/jquery-2.1.4.min.js:3:3241)",
                "diff": null
              },
              "uuid": "c4507683-542a-4d95-a22c-0cc9f319ab0b",
              "parentUUID": "5a99015b-4054-4359-ba31-8a4ae36ab70a",
              "isHook": false,
              "skipped": false
            },
            {
              "title": "Go to Auction Calendar from my account page",
              "fullTitle": "MyAccount Functionality Tests Go to Auction Calendar from my account page",
              "timedOut": null,
              "duration": 1474,
              "state": "failed",
              "speed": null,
              "pass": false,
              "fail": true,
              "pending": false,
              "context": null,
              "code": "myAccountPage.clickBuying();\ncy.url().should(\"include\", \"ua&submenuTapped\");\nmyAccountPage.clickViewAuctionCalendarBtn();\ncy.url().should(\"include\", \"calendar\");",
              "err": {
                "message": "AssertionError: object tested must be an array, a map, an object, a set, a string, or a weakset, but undefined given",
                "estack": "AssertionError: object tested must be an array, a map, an object, a set, a string, or a weakset, but undefined given\n    at Context.eval (https://staging.christies.com/__cypress/tests?p=cypress\\e2e\\tests\\myAccount.cy.ts:277:16)",
                "diff": null
              },
              "uuid": "953e04b5-791e-45eb-8179-a870b6060f90",
              "parentUUID": "5a99015b-4054-4359-ba31-8a4ae36ab70a",
              "isHook": false,
              "skipped": false
            },
            {
              "title": "should select Dollar currency from select box in setting details",
              "fullTitle": "MyAccount Functionality Tests should select Dollar currency from select box in setting details",
              "timedOut": null,
              "duration": 100780,
              "state": "failed",
              "speed": null,
              "pass": false,
              "fail": true,
              "pending": false,
              "context": null,
              "code": "myAccountPage.clickSettings();\ncy.url().should(\"include\", \"as&submenuTapped\");\nmyAccountPage.selectDollarCurrency().should(\"have.value\", \"USD\");",
              "err": {
                "message": "TypeError: Cannot read properties of undefined (reading 'should')",
                "estack": "TypeError: Cannot read properties of undefined (reading 'should')\n    at Context.eval (https://staging.christies.com/__cypress/tests?p=cypress\\e2e\\tests\\myAccount.cy.ts:284:43)",
                "diff": null
              },
              "uuid": "ecf25728-bfce-449a-81c4-72caf18a00d0",
              "parentUUID": "5a99015b-4054-4359-ba31-8a4ae36ab70a",
              "isHook": false,
              "skipped": false
            },
            {
              "title": "Add new CZ address to address book",
              "fullTitle": "MyAccount Functionality Tests Add new CZ address to address book",
              "timedOut": null,
              "duration": 78594,
              "state": "failed",
              "speed": null,
              "pass": false,
              "fail": true,
              "pending": false,
              "context": null,
              "code": "myAccountPage.navigateToAddressBookForm();\nmyAccountPage.addNewCZAddress();\nmyAccountPage.deleteCZAddress();",
              "err": {
                "message": "TypeError: The following error originated from your application code, not from Cypress.\n\n  > Cannot read properties of undefined (reading 'top')\n\nWhen Cypress detects uncaught errors originating from your application it will automatically fail the current test.\n\nThis behavior is configurable, and you can choose to turn this off by listening to the `uncaught:exception` event.\n\nhttps://on.cypress.io/uncaught-exception-from-application",
                "estack": "TypeError: The following error originated from your application code, not from Cypress.\n\n  > Cannot read properties of undefined (reading 'top')\n\nWhen Cypress detects uncaught errors originating from your application it will automatically fail the current test.\n\nThis behavior is configurable, and you can choose to turn this off by listening to the `uncaught:exception` event.\n\nhttps://on.cypress.io/uncaught-exception-from-application\n    at https://staging.christies.com/inc/Scripts/mychristies-v2/mychristies-v2.js?310820220749:1254:62\n    at dispatch (https://staging.christies.com/js/jquery/jquery-2.1.4.min.js:3:6466)\n    at r.handle (https://staging.christies.com/js/jquery/jquery-2.1.4.min.js:3:3241)",
                "diff": null
              },
              "uuid": "d504811b-0e92-4393-bc7f-cb9dddec3616",
              "parentUUID": "5a99015b-4054-4359-ba31-8a4ae36ab70a",
              "isHook": false,
              "skipped": false
            },
            {
              "title": "Add new UK address to address book",
              "fullTitle": "MyAccount Functionality Tests Add new UK address to address book",
              "timedOut": null,
              "duration": 118488,
              "state": "failed",
              "speed": null,
              "pass": false,
              "fail": true,
              "pending": false,
              "context": null,
              "code": "myAccountPage.navigateToAddressBookForm();\nmyAccountPage.addNewUKAddress();\nmyAccountPage.deleteUKAddress();",
              "err": {
                "message": "TypeError: The following error originated from your application code, not from Cypress.\n\n  > Cannot read properties of undefined (reading 'top')\n\nWhen Cypress detects uncaught errors originating from your application it will automatically fail the current test.\n\nThis behavior is configurable, and you can choose to turn this off by listening to the `uncaught:exception` event.\n\nhttps://on.cypress.io/uncaught-exception-from-application",
                "estack": "TypeError: The following error originated from your application code, not from Cypress.\n\n  > Cannot read properties of undefined (reading 'top')\n\nWhen Cypress detects uncaught errors originating from your application it will automatically fail the current test.\n\nThis behavior is configurable, and you can choose to turn this off by listening to the `uncaught:exception` event.\n\nhttps://on.cypress.io/uncaught-exception-from-application\n    at https://staging.christies.com/inc/Scripts/mychristies-v2/mychristies-v2.js?310820220751:1254:62\n    at dispatch (https://staging.christies.com/js/jquery/jquery-2.1.4.min.js:3:6466)\n    at r.handle (https://staging.christies.com/js/jquery/jquery-2.1.4.min.js:3:3241)",
                "diff": null
              },
              "uuid": "bffa6f76-683f-4dad-a2ac-8e6685f5b95b",
              "parentUUID": "5a99015b-4054-4359-ba31-8a4ae36ab70a",
              "isHook": false,
              "skipped": false
            },
            {
              "title": "Add new USA address to address book",
              "fullTitle": "MyAccount Functionality Tests Add new USA address to address book",
              "timedOut": null,
              "duration": 2501,
              "state": "failed",
              "speed": null,
              "pass": false,
              "fail": true,
              "pending": false,
              "context": null,
              "code": "myAccountPage.navigateToAddressBookForm();\nmyAccountPage.addNewUSAAddress();\nmyAccountPage.deleteUSAAddress();",
              "err": {
                "message": "CypressError: `cy.click()` failed because it requires a DOM element.\n\nThe subject received was:\n\n  > `undefined`\n\nThe previous command that ran was:\n\n  > `cy.get()`",
                "estack": "CypressError: `cy.click()` failed because it requires a DOM element.\n\nThe subject received was:\n\n  > `undefined`\n\nThe previous command that ran was:\n\n  > `cy.get()`\n    at ensureElement (https://staging.christies.com/__cypress/runner/cypress_runner.js:161879:76)\n    at validateType (https://staging.christies.com/__cypress/runner/cypress_runner.js:161702:16)\n    at $Cy.ensureSubjectByType (https://staging.christies.com/__cypress/runner/cypress_runner.js:161738:9)\n    at $Cy.pushSubjectAndValidate (https://staging.christies.com/__cypress/runner/cypress_runner.js:172191:12)\n    at Context.<anonymous> (https://staging.christies.com/__cypress/runner/cypress_runner.js:171677:19)\nFrom Your Spec Code:\n    at MyAccount.clickEditAddressBookBtn (https://staging.christies.com/__cypress/tests?p=cypress\\e2e\\tests\\myAccount.cy.ts:234:39)\n    at MyAccount.navigateToAddressBookForm (https://staging.christies.com/__cypress/tests?p=cypress\\e2e\\tests\\myAccount.cy.ts:248:12)\n    at Context.eval (https://staging.christies.com/__cypress/tests?p=cypress\\e2e\\tests\\myAccount.cy.ts:297:21)",
                "diff": null
              },
              "uuid": "c25694fc-bbdf-4b82-8ca1-7aad68c9d2bf",
              "parentUUID": "5a99015b-4054-4359-ba31-8a4ae36ab70a",
              "isHook": false,
              "skipped": false
            }
          ],
          "suites": [],
          "passes": [],
          "failures": [
            "c4507683-542a-4d95-a22c-0cc9f319ab0b",
            "953e04b5-791e-45eb-8179-a870b6060f90",
            "ecf25728-bfce-449a-81c4-72caf18a00d0",
            "d504811b-0e92-4393-bc7f-cb9dddec3616",
            "bffa6f76-683f-4dad-a2ac-8e6685f5b95b",
            "c25694fc-bbdf-4b82-8ca1-7aad68c9d2bf"
          ],
          "pending": [],
          "skipped": [],
          "duration": 397642,
          "root": false,
          "rootEmpty": false,
          "_timeout": 2000
        }
      ],
      "passes": [],
      "failures": [],
      "pending": [],
      "skipped": [],
      "duration": 0,
      "root": true,
      "rootEmpty": true,
      "_timeout": 2000
    }
  ],
  "meta": {
    "mocha": {
      "version": "7.0.1"
    },
    "mochawesome": {
      "options": {
        "quiet": false,
        "reportFilename": "mochawesome",
        "saveHtml": false,
        "saveJson": true,
        "consoleReporter": "spec",
        "useInlineDiffs": false,
        "code": true
      },
      "version": "7.1.3"
    },
    "marge": {
      "options": {
        "reportDir": "reports\\mocha\\.jsons",
        "inlineAssets": true,
        "embeddedScreenshots": true,
        "overwrite": false,
        "html": false,
        "json": true
      },
      "version": "6.2.0"
    }
  }
}