{
  "stats": {
    "suites": 1,
    "tests": 1,
    "passes": 1,
    "pending": 0,
    "failures": 0,
    "start": "2022-08-31T11:54:16.410Z",
    "end": "2022-08-31T11:55:11.619Z",
    "duration": 55209,
    "testsRegistered": 1,
    "passPercent": 100,
    "pendingPercent": 0,
    "other": 0,
    "hasOther": false,
    "skipped": 0,
    "hasSkipped": false
  },
  "results": [
    {
      "uuid": "349da49f-18c6-41d3-92c3-c17e8bf3d021",
      "title": "",
      "fullFile": "cypress\\e2e\\tests\\search.cy.ts",
      "file": "cypress\\e2e\\tests\\search.cy.ts",
      "beforeHooks": [],
      "afterHooks": [],
      "tests": [],
      "suites": [
        {
          "uuid": "a0f05cb2-93cd-44f3-92b1-1fe871370c4a",
          "title": "Search tests",
          "fullFile": "",
          "file": "",
          "beforeHooks": [],
          "afterHooks": [],
          "tests": [
            {
              "title": "check if special chars does not work",
              "fullTitle": "Search tests check if special chars does not work",
              "timedOut": null,
              "duration": 54257,
              "state": "passed",
              "speed": "slow",
              "pass": true,
              "fail": false,
              "pending": false,
              "context": null,
              "code": "homePage.addTextToSearchInput(\"%\");\ncy.url().should(\"include\", \"%25\");\nhomePage.addTextToSearchInput(\"$\");\ncy.url().should(\"include\", \"%24\");\ncy.get(searchPage2.searchResultItems).should(\"have.length\", 0);",
              "err": {},
              "uuid": "31bd0b76-f424-4d09-8e00-e9cf2de80ba4",
              "parentUUID": "a0f05cb2-93cd-44f3-92b1-1fe871370c4a",
              "isHook": false,
              "skipped": false
            }
          ],
          "suites": [],
          "passes": [
            "31bd0b76-f424-4d09-8e00-e9cf2de80ba4"
          ],
          "failures": [],
          "pending": [],
          "skipped": [],
          "duration": 54257,
          "root": false,
          "rootEmpty": false,
          "_timeout": 2000
        }
      ],
      "passes": [],
      "failures": [],
      "pending": [],
      "skipped": [],
      "duration": 0,
      "root": true,
      "rootEmpty": true,
      "_timeout": 2000
    }
  ],
  "meta": {
    "mocha": {
      "version": "7.0.1"
    },
    "mochawesome": {
      "options": {
        "quiet": false,
        "reportFilename": "mochawesome",
        "saveHtml": false,
        "saveJson": true,
        "consoleReporter": "spec",
        "useInlineDiffs": false,
        "code": true
      },
      "version": "7.1.3"
    },
    "marge": {
      "options": {
        "reportDir": "reports\\mocha\\.jsons",
        "inlineAssets": true,
        "embeddedScreenshots": true,
        "overwrite": false,
        "html": false,
        "json": true
      },
      "version": "6.2.0"
    }
  }
}