{
  "stats": {
    "suites": 1,
    "tests": 1,
    "passes": 1,
    "pending": 0,
    "failures": 0,
    "start": "2022-08-31T11:41:28.502Z",
    "end": "2022-08-31T11:42:31.644Z",
    "duration": 63142,
    "testsRegistered": 1,
    "passPercent": 100,
    "pendingPercent": 0,
    "other": 0,
    "hasOther": false,
    "skipped": 0,
    "hasSkipped": false
  },
  "results": [
    {
      "uuid": "f89f68f9-ce04-447d-83f3-f89bb162ede5",
      "title": "",
      "fullFile": "cypress\\e2e\\tests\\languageSwitcher.cy.ts",
      "file": "cypress\\e2e\\tests\\languageSwitcher.cy.ts",
      "beforeHooks": [],
      "afterHooks": [],
      "tests": [],
      "suites": [
        {
          "uuid": "bf751a0e-d761-4e3b-89ec-9e2ef01245a5",
          "title": "Language Switcher Functionality",
          "fullFile": "",
          "file": "",
          "beforeHooks": [],
          "afterHooks": [],
          "tests": [
            {
              "title": "Switch En language",
              "fullTitle": "Language Switcher Functionality Switch En language",
              "timedOut": null,
              "duration": 62588,
              "state": "passed",
              "speed": "slow",
              "pass": true,
              "fail": false,
              "pending": false,
              "context": null,
              "code": "homePage.switchLanguageTo(\"en\");",
              "err": {},
              "uuid": "661f4345-aa9b-44a5-a9e5-5f508db6a6a1",
              "parentUUID": "bf751a0e-d761-4e3b-89ec-9e2ef01245a5",
              "isHook": false,
              "skipped": false
            }
          ],
          "suites": [],
          "passes": [
            "661f4345-aa9b-44a5-a9e5-5f508db6a6a1"
          ],
          "failures": [],
          "pending": [],
          "skipped": [],
          "duration": 62588,
          "root": false,
          "rootEmpty": false,
          "_timeout": 2000
        }
      ],
      "passes": [],
      "failures": [],
      "pending": [],
      "skipped": [],
      "duration": 0,
      "root": true,
      "rootEmpty": true,
      "_timeout": 2000
    }
  ],
  "meta": {
    "mocha": {
      "version": "7.0.1"
    },
    "mochawesome": {
      "options": {
        "quiet": false,
        "reportFilename": "mochawesome",
        "saveHtml": false,
        "saveJson": true,
        "consoleReporter": "spec",
        "useInlineDiffs": false,
        "code": true
      },
      "version": "7.1.3"
    },
    "marge": {
      "options": {
        "reportDir": "reports\\mocha\\.jsons",
        "inlineAssets": true,
        "embeddedScreenshots": true,
        "overwrite": false,
        "html": false,
        "json": true
      },
      "version": "6.2.0"
    }
  }
}