{
  "stats": {
    "suites": 1,
    "tests": 1,
    "passes": 1,
    "pending": 0,
    "failures": 0,
    "start": "2022-10-06T11:44:01.699Z",
    "end": "2022-10-06T11:45:48.104Z",
    "duration": 106405,
    "testsRegistered": 1,
    "passPercent": 100,
    "pendingPercent": 0,
    "other": 0,
    "hasOther": false,
    "skipped": 0,
    "hasSkipped": false
  },
  "results": [
    {
      "uuid": "01fb160c-f5a0-4b0d-b498-3ace1d1d8631",
      "title": "",
      "fullFile": "cypress\\e2e\\tests\\languageSwitcher.cy.ts",
      "file": "cypress\\e2e\\tests\\languageSwitcher.cy.ts",
      "beforeHooks": [],
      "afterHooks": [],
      "tests": [],
      "suites": [
        {
          "uuid": "6fe5d95e-f734-434c-989b-a8d7643047c3",
          "title": "Language Switcher Functionality",
          "fullFile": "",
          "file": "",
          "beforeHooks": [],
          "afterHooks": [],
          "tests": [
            {
              "title": "Switch En language",
              "fullTitle": "Language Switcher Functionality Switch En language",
              "timedOut": null,
              "duration": 105551,
              "state": "passed",
              "speed": "slow",
              "pass": true,
              "fail": false,
              "pending": false,
              "context": null,
              "code": "homePage.switchLanguageTo(\"en\");",
              "err": {},
              "uuid": "92085e04-9892-49b5-a774-40a2fadb6439",
              "parentUUID": "6fe5d95e-f734-434c-989b-a8d7643047c3",
              "isHook": false,
              "skipped": false
            }
          ],
          "suites": [],
          "passes": [
            "92085e04-9892-49b5-a774-40a2fadb6439"
          ],
          "failures": [],
          "pending": [],
          "skipped": [],
          "duration": 105551,
          "root": false,
          "rootEmpty": false,
          "_timeout": 2000
        }
      ],
      "passes": [],
      "failures": [],
      "pending": [],
      "skipped": [],
      "duration": 0,
      "root": true,
      "rootEmpty": true,
      "_timeout": 2000
    }
  ],
  "meta": {
    "mocha": {
      "version": "7.0.1"
    },
    "mochawesome": {
      "options": {
        "quiet": false,
        "reportFilename": "mochawesome",
        "saveHtml": false,
        "saveJson": true,
        "consoleReporter": "spec",
        "useInlineDiffs": false,
        "code": true
      },
      "version": "7.1.3"
    },
    "marge": {
      "options": {
        "reportDir": "reports\\mocha\\.jsons",
        "inlineAssets": true,
        "embeddedScreenshots": true,
        "overwrite": false,
        "html": false,
        "json": true
      },
      "version": "6.2.0"
    }
  }
}