{
  "stats": {
    "suites": 1,
    "tests": 2,
    "passes": 2,
    "pending": 0,
    "failures": 0,
    "start": "2022-08-31T11:43:05.323Z",
    "end": "2022-08-31T11:44:33.004Z",
    "duration": 87681,
    "testsRegistered": 2,
    "passPercent": 100,
    "pendingPercent": 0,
    "other": 0,
    "hasOther": false,
    "skipped": 0,
    "hasSkipped": false
  },
  "results": [
    {
      "uuid": "097cae9a-e3a6-49cd-9c13-143b1b1d6c17",
      "title": "",
      "fullFile": "cypress\\e2e\\tests\\login.cy.ts",
      "file": "cypress\\e2e\\tests\\login.cy.ts",
      "beforeHooks": [],
      "afterHooks": [],
      "tests": [],
      "suites": [
        {
          "uuid": "d8bf9151-1089-4cb7-ad4b-11d172d647e3",
          "title": "Login Functionality Tests",
          "fullFile": "",
          "file": "",
          "beforeHooks": [],
          "afterHooks": [],
          "tests": [
            {
              "title": "login into application",
              "fullTitle": "Login Functionality Tests login into application",
              "timedOut": null,
              "duration": 62005,
              "state": "passed",
              "speed": "slow",
              "pass": true,
              "fail": false,
              "pending": false,
              "context": null,
              "code": "homePage.login();\nhomePage.clickMyAccount();\nmyAccountPage.checkNameUser();\ncy.url().should(\"include\", \"/mychristies/activities\");",
              "err": {},
              "uuid": "62aee072-2277-4eae-86ed-b14498a5e09a",
              "parentUUID": "d8bf9151-1089-4cb7-ad4b-11d172d647e3",
              "isHook": false,
              "skipped": false
            },
            {
              "title": "should try to login with invalid credentials",
              "fullTitle": "Login Functionality Tests should try to login with invalid credentials",
              "timedOut": null,
              "duration": 24757,
              "state": "passed",
              "speed": "slow",
              "pass": true,
              "fail": false,
              "pending": false,
              "context": null,
              "code": "homePage.invalidlogin();\nhomePage.displayErrorMessage();",
              "err": {},
              "uuid": "4ee80144-6179-4844-a0ba-72fe682c041d",
              "parentUUID": "d8bf9151-1089-4cb7-ad4b-11d172d647e3",
              "isHook": false,
              "skipped": false
            }
          ],
          "suites": [],
          "passes": [
            "62aee072-2277-4eae-86ed-b14498a5e09a",
            "4ee80144-6179-4844-a0ba-72fe682c041d"
          ],
          "failures": [],
          "pending": [],
          "skipped": [],
          "duration": 86762,
          "root": false,
          "rootEmpty": false,
          "_timeout": 2000
        }
      ],
      "passes": [],
      "failures": [],
      "pending": [],
      "skipped": [],
      "duration": 0,
      "root": true,
      "rootEmpty": true,
      "_timeout": 2000
    }
  ],
  "meta": {
    "mocha": {
      "version": "7.0.1"
    },
    "mochawesome": {
      "options": {
        "quiet": false,
        "reportFilename": "mochawesome",
        "saveHtml": false,
        "saveJson": true,
        "consoleReporter": "spec",
        "useInlineDiffs": false,
        "code": true
      },
      "version": "7.1.3"
    },
    "marge": {
      "options": {
        "reportDir": "reports\\mocha\\.jsons",
        "inlineAssets": true,
        "embeddedScreenshots": true,
        "overwrite": false,
        "html": false,
        "json": true
      },
      "version": "6.2.0"
    }
  }
}